<?xml version="1.0" encoding="UTF-8"?>
<testsuite name="com.example.Mywebservice01ApplicationTests" time="0.013" tests="1" errors="1" skipped="0" failures="0">
  <properties>
[...]
</properties>
  <testcase name="initializationError" classname="com.example.Mywebservice01ApplicationTests" time="0.013">
    <error message="Unable to find a @SpringBootConfiguration, you need to use @ContextConfiguration or @SpringBootTest(classes=...) with your test" type="java.lang.IllegalStateException"><![CDATA[java.lang.IllegalStateException: Unable to find a @SpringBootConfiguration, you need to use @ContextConfiguration or @SpringBootTest(classes=...) with your test
	at org.springframework.util.Assert.state(Assert.java:70)
	at org.springframework.boot.test.context.SpringBootTestContextBootstrapper.getOrFindConfigurationClasses(SpringBootTestContextBootstrapper.java:173)
	at org.springframework.boot.test.context.SpringBootTestContextBootstrapper.processMergedContextConfiguration(SpringBootTestContextBootstrapper.java:133)
	at org.springframework.test.context.support.AbstractTestContextBootstrapper.buildMergedContextConfiguration(AbstractTestContextBootstrapper.java:409)
	at org.springframework.test.context.support.AbstractTestContextBootstrapper.buildDefaultMergedContextConfiguration(AbstractTestContextBootstrapper.java:323)
	at org.springframework.test.context.support.AbstractTestContextBootstrapper.buildMergedContextConfiguration(AbstractTestContextBootstrapper.java:277)
	at org.springframework.test.context.support.AbstractTestContextBootstrapper.buildTestContext(AbstractTestContextBootstrapper.java:112)
	at org.springframework.boot.test.context.SpringBootTestContextBootstrapper.buildTestContext(SpringBootTestContextBootstrapper.java:78)
	at org.springframework.test.context.TestContextManager.<init>(TestContextManager.java:120)
	at org.springframework.test.context.TestContextManager.<init>(TestContextManager.java:105)
	at org.springframework.test.context.junit4.SpringJUnit4ClassRunner.createTestContextManager(SpringJUnit4ClassRunner.java:152)
	at org.springframework.test.context.junit4.SpringJUnit4ClassRunner.<init>(SpringJUnit4ClassRunner.java:143)
	at org.springframework.test.context.junit4.SpringRunner.<init>(SpringRunner.java:49)
	at sun.reflect.NativeConstructorAccessorImpl.newInstance0(Native Method)
	at sun.reflect.NativeConstructorAccessorImpl.newInstance(NativeConstructorAccessorImpl.java:62)
	at sun.reflect.DelegatingConstructorAccessorImpl.newInstance(DelegatingConstructorAccessorImpl.java:45)
	at java.lang.reflect.Constructor.newInstance(Constructor.java:423)
	at org.junit.internal.builders.AnnotatedBuilder.buildRunner(AnnotatedBuilder.java:104)
	at org.junit.internal.builders.AnnotatedBuilder.runnerForClass(AnnotatedBuilder.java:86)
	at org.junit.runners.model.RunnerBuilder.safeRunnerForClass(RunnerBuilder.java:59)
	at org.junit.internal.builders.AllDefaultPossibilitiesBuilder.runnerForClass(AllDefaultPossibilitiesBuilder.java:26)
	at org.junit.runners.model.RunnerBuilder.safeRunnerForClass(RunnerBuilder.java:59)
	at org.junit.internal.requests.ClassRequest.getRunner(ClassRequest.java:33)
	at org.apache.maven.surefire.junit4.JUnit4Provider.execute(JUnit4Provider.java:283)
	at org.apache.maven.surefire.junit4.JUnit4Provider.executeWithRerun(JUnit4Provider.java:173)
	at org.apache.maven.surefire.junit4.JUnit4Provider.executeTestSet(JUnit4Provider.java:153)
	at org.apache.maven.surefire.junit4.JUnit4Provider.invoke(JUnit4Provider.java:128)
	at org.apache.maven.surefire.booter.ForkedBooter.invokeProviderInSameClassLoader(ForkedBooter.java:203)
	at org.apache.maven.surefire.booter.ForkedBooter.runSuitesInProcess(ForkedBooter.java:155)
	at org.apache.maven.surefire.booter.ForkedBooter.main(ForkedBooter.java:103)
]]></error>
    <system-out><![CDATA[23:19:50.212 [main] DEBUG org.springframework.test.context.junit4.SpringJUnit4ClassRunner - SpringJUnit4ClassRunner constructor called with [class com.example.Mywebservice01ApplicationTests]
23:19:50.229 [main] DEBUG org.springframework.test.context.BootstrapUtils - Instantiating CacheAwareContextLoaderDelegate from class [org.springframework.test.context.cache.DefaultCacheAwareContextLoaderDelegate]
23:19:50.254 [main] DEBUG org.springframework.test.context.BootstrapUtils - Instantiating BootstrapContext using constructor [public org.springframework.test.context.support.DefaultBootstrapContext(java.lang.Class,org.springframework.test.context.CacheAwareContextLoaderDelegate)]
23:19:50.297 [main] DEBUG org.springframework.test.context.BootstrapUtils - Instantiating TestContextBootstrapper for test class [com.example.Mywebservice01ApplicationTests] from class [org.springframework.boot.test.context.SpringBootTestContextBootstrapper]
23:19:50.313 [main] INFO org.springframework.boot.test.context.SpringBootTestContextBootstrapper - Neither @ContextConfiguration nor @ContextHierarchy found for test class [com.example.Mywebservice01ApplicationTests], using SpringBootContextLoader
23:19:50.319 [main] DEBUG org.springframework.test.context.support.AbstractContextLoader - Did not detect default resource location for test class [com.example.Mywebservice01ApplicationTests]: class path resource [com/example/Mywebservice01ApplicationTests-context.xml] does not exist
23:19:50.320 [main] DEBUG org.springframework.test.context.support.AbstractContextLoader - Did not detect default resource location for test class [com.example.Mywebservice01ApplicationTests]: class path resource [com/example/Mywebservice01ApplicationTestsContext.groovy] does not exist
23:19:50.320 [main] INFO org.springframework.test.context.support.AbstractContextLoader - Could not detect default resource locations for test class [com.example.Mywebservice01ApplicationTests]: no resource found for suffixes {-context.xml, Context.groovy}.
23:19:50.321 [main] INFO org.springframework.test.context.support.AnnotationConfigContextLoaderUtils - Could not detect default configuration classes for test class [com.example.Mywebservice01ApplicationTests]: Mywebservice01ApplicationTests does not declare any static, non-private, non-final, nested classes annotated with @Configuration.
23:19:50.388 [main] DEBUG org.springframework.test.context.support.ActiveProfilesUtils - Could not find an 'annotation declaring class' for annotation type [org.springframework.test.context.ActiveProfiles] and class [com.example.Mywebservice01ApplicationTests]
23:19:50.403 [main] DEBUG org.springframework.core.env.StandardEnvironment - Adding [systemProperties] PropertySource with lowest search precedence
23:19:50.404 [main] DEBUG org.springframework.core.env.StandardEnvironment - Adding [systemEnvironment] PropertySource with lowest search precedence
23:19:50.404 [main] DEBUG org.springframework.core.env.StandardEnvironment - Initialized StandardEnvironment with PropertySources [systemProperties,systemEnvironment]
23:19:50.422 [main] DEBUG org.springframework.core.io.support.PathMatchingResourcePatternResolver - Resolved classpath location [com/example/] to resources [URL [file:/C:/Users/sowmith/Documents/workspace-sts-3.8.3.RELEASE/mywebservice01/target/test-classes/com/example/], URL [file:/C:/Users/sowmith/Documents/workspace-sts-3.8.3.RELEASE/mywebservice01/target/classes/com/example/]]
23:19:50.422 [main] DEBUG org.springframework.core.io.support.PathMatchingResourcePatternResolver - Looking for matching resources in directory tree [C:\Users\sowmith\Documents\workspace-sts-3.8.3.RELEASE\mywebservice01\target\test-classes\com\example]
23:19:50.423 [main] DEBUG org.springframework.core.io.support.PathMatchingResourcePatternResolver - Searching directory [C:\Users\sowmith\Documents\workspace-sts-3.8.3.RELEASE\mywebservice01\target\test-classes\com\example] for files matching pattern [C:/Users/sowmith/Documents/workspace-sts-3.8.3.RELEASE/mywebservice01/target/test-classes/com/example/*.class]
23:19:50.427 [main] DEBUG org.springframework.core.io.support.PathMatchingResourcePatternResolver - Looking for matching resources in directory tree [C:\Users\sowmith\Documents\workspace-sts-3.8.3.RELEASE\mywebservice01\target\classes\com\example]
23:19:50.428 [main] DEBUG org.springframework.core.io.support.PathMatchingResourcePatternResolver - Searching directory [C:\Users\sowmith\Documents\workspace-sts-3.8.3.RELEASE\mywebservice01\target\classes\com\example] for files matching pattern [C:/Users/sowmith/Documents/workspace-sts-3.8.3.RELEASE/mywebservice01/target/classes/com/example/*.class]
23:19:50.428 [main] DEBUG org.springframework.core.io.support.PathMatchingResourcePatternResolver - Resolved location pattern [classpath*:com/example/*.class] to resources [file [C:\Users\sowmith\Documents\workspace-sts-3.8.3.RELEASE\mywebservice01\target\test-classes\com\example\Mywebservice01ApplicationTests.class], file [C:\Users\sowmith\Documents\workspace-sts-3.8.3.RELEASE\mywebservice01\target\classes\com\example\Mywebservice01Application.class]]
23:19:50.481 [main] DEBUG org.springframework.core.io.support.PathMatchingResourcePatternResolver - Resolved classpath location [com/] to resources [URL [file:/C:/Users/sowmith/Documents/workspace-sts-3.8.3.RELEASE/mywebservice01/target/test-classes/com/], URL [file:/C:/Users/sowmith/Documents/workspace-sts-3.8.3.RELEASE/mywebservice01/target/classes/com/], URL [jar:file:/C:/Users/sowmith/.m2/repository/com/fasterxml/classmate/1.3.3/classmate-1.3.3.jar!/com/], URL [jar:file:/C:/Users/sowmith/.m2/repository/com/fasterxml/jackson/core/jackson-databind/2.8.7/jackson-databind-2.8.7.jar!/com/], URL [jar:file:/C:/Users/sowmith/.m2/repository/com/fasterxml/jackson/core/jackson-annotations/2.8.0/jackson-annotations-2.8.0.jar!/com/], URL [jar:file:/C:/Users/sowmith/.m2/repository/com/fasterxml/jackson/core/jackson-core/2.8.7/jackson-core-2.8.7.jar!/com/], URL [jar:file:/C:/Users/sowmith/.m2/repository/com/jayway/jsonpath/json-path/2.2.0/json-path-2.2.0.jar!/com/]]
23:19:50.482 [main] DEBUG org.springframework.core.io.support.PathMatchingResourcePatternResolver - Looking for matching resources in directory tree [C:\Users\sowmith\Documents\workspace-sts-3.8.3.RELEASE\mywebservice01\target\test-classes\com]
23:19:50.483 [main] DEBUG org.springframework.core.io.support.PathMatchingResourcePatternResolver - Searching directory [C:\Users\sowmith\Documents\workspace-sts-3.8.3.RELEASE\mywebservice01\target\test-classes\com] for files matching pattern [C:/Users/sowmith/Documents/workspace-sts-3.8.3.RELEASE/mywebservice01/target/test-classes/com/*.class]
23:19:50.484 [main] DEBUG org.springframework.core.io.support.PathMatchingResourcePatternResolver - Looking for matching resources in directory tree [C:\Users\sowmith\Documents\workspace-sts-3.8.3.RELEASE\mywebservice01\target\classes\com]
23:19:50.484 [main] DEBUG org.springframework.core.io.support.PathMatchingResourcePatternResolver - Searching directory [C:\Users\sowmith\Documents\workspace-sts-3.8.3.RELEASE\mywebservice01\target\classes\com] for files matching pattern [C:/Users/sowmith/Documents/workspace-sts-3.8.3.RELEASE/mywebservice01/target/classes/com/*.class]
23:19:50.486 [main] DEBUG org.springframework.core.io.support.PathMatchingResourcePatternResolver - Looking for matching resources in jar file [file:/C:/Users/sowmith/.m2/repository/com/fasterxml/classmate/1.3.3/classmate-1.3.3.jar]
23:19:50.490 [main] DEBUG org.springframework.core.io.support.PathMatchingResourcePatternResolver - Looking for matching resources in jar file [file:/C:/Users/sowmith/.m2/repository/com/fasterxml/jackson/core/jackson-databind/2.8.7/jackson-databind-2.8.7.jar]
23:19:50.509 [main] DEBUG org.springframework.core.io.support.PathMatchingResourcePatternResolver - Looking for matching resources in jar file [file:/C:/Users/sowmith/.m2/repository/com/fasterxml/jackson/core/jackson-annotations/2.8.0/jackson-annotations-2.8.0.jar]
23:19:50.511 [main] DEBUG org.springframework.core.io.support.PathMatchingResourcePatternResolver - Looking for matching resources in jar file [file:/C:/Users/sowmith/.m2/repository/com/fasterxml/jackson/core/jackson-core/2.8.7/jackson-core-2.8.7.jar]
23:19:50.515 [main] DEBUG org.springframework.core.io.support.PathMatchingResourcePatternResolver - Looking for matching resources in jar file [file:/C:/Users/sowmith/.m2/repository/com/jayway/jsonpath/json-path/2.2.0/json-path-2.2.0.jar]
23:19:50.518 [main] DEBUG org.springframework.core.io.support.PathMatchingResourcePatternResolver - Resolved location pattern [classpath*:com/*.class] to resources []
23:19:50.525 [main] DEBUG org.springframework.test.context.junit4.SpringJUnit4ClassRunner - SpringJUnit4ClassRunner constructor called with [class com.example.Mywebservice01ApplicationTests]
23:19:50.526 [main] DEBUG org.springframework.test.context.BootstrapUtils - Instantiating CacheAwareContextLoaderDelegate from class [org.springframework.test.context.cache.DefaultCacheAwareContextLoaderDelegate]
23:19:50.526 [main] DEBUG org.springframework.test.context.BootstrapUtils - Instantiating BootstrapContext using constructor [public org.springframework.test.context.support.DefaultBootstrapContext(java.lang.Class,org.springframework.test.context.CacheAwareContextLoaderDelegate)]
23:19:50.527 [main] DEBUG org.springframework.test.context.BootstrapUtils - Instantiating TestContextBootstrapper for test class [com.example.Mywebservice01ApplicationTests] from class [org.springframework.boot.test.context.SpringBootTestContextBootstrapper]
23:19:50.528 [main] INFO org.springframework.boot.test.context.SpringBootTestContextBootstrapper - Neither @ContextConfiguration nor @ContextHierarchy found for test class [com.example.Mywebservice01ApplicationTests], using SpringBootContextLoader
23:19:50.529 [main] DEBUG org.springframework.test.context.support.AbstractContextLoader - Did not detect default resource location for test class [com.example.Mywebservice01ApplicationTests]: class path resource [com/example/Mywebservice01ApplicationTests-context.xml] does not exist
23:19:50.529 [main] DEBUG org.springframework.test.context.support.AbstractContextLoader - Did not detect default resource location for test class [com.example.Mywebservice01ApplicationTests]: class path resource [com/example/Mywebservice01ApplicationTestsContext.groovy] does not exist
23:19:50.530 [main] INFO org.springframework.test.context.support.AbstractContextLoader - Could not detect default resource locations for test class [com.example.Mywebservice01ApplicationTests]: no resource found for suffixes {-context.xml, Context.groovy}.
23:19:50.530 [main] INFO org.springframework.test.context.support.AnnotationConfigContextLoaderUtils - Could not detect default configuration classes for test class [com.example.Mywebservice01ApplicationTests]: Mywebservice01ApplicationTests does not declare any static, non-private, non-final, nested classes annotated with @Configuration.
23:19:50.539 [main] DEBUG org.springframework.test.context.support.ActiveProfilesUtils - Could not find an 'annotation declaring class' for annotation type [org.springframework.test.context.ActiveProfiles] and class [com.example.Mywebservice01ApplicationTests]
23:19:50.540 [main] DEBUG org.springframework.core.env.StandardEnvironment - Adding [systemProperties] PropertySource with lowest search precedence
23:19:50.540 [main] DEBUG org.springframework.core.env.StandardEnvironment - Adding [systemEnvironment] PropertySource with lowest search precedence
23:19:50.541 [main] DEBUG org.springframework.core.env.StandardEnvironment - Initialized StandardEnvironment with PropertySources [systemProperties,systemEnvironment]
23:19:50.546 [main] DEBUG org.springframework.core.io.support.PathMatchingResourcePatternResolver - Resolved classpath location [com/example/] to resources [URL [file:/C:/Users/sowmith/Documents/workspace-sts-3.8.3.RELEASE/mywebservice01/target/test-classes/com/example/], URL [file:/C:/Users/sowmith/Documents/workspace-sts-3.8.3.RELEASE/mywebservice01/target/classes/com/example/]]
23:19:50.548 [main] DEBUG org.springframework.core.io.support.PathMatchingResourcePatternResolver - Looking for matching resources in directory tree [C:\Users\sowmith\Documents\workspace-sts-3.8.3.RELEASE\mywebservice01\target\test-classes\com\example]
23:19:50.548 [main] DEBUG org.springframework.core.io.support.PathMatchingResourcePatternResolver - Searching directory [C:\Users\sowmith\Documents\workspace-sts-3.8.3.RELEASE\mywebservice01\target\test-classes\com\example] for files matching pattern [C:/Users/sowmith/Documents/workspace-sts-3.8.3.RELEASE/mywebservice01/target/test-classes/com/example/*.class]
23:19:50.550 [main] DEBUG org.springframework.core.io.support.PathMatchingResourcePatternResolver - Looking for matching resources in directory tree [C:\Users\sowmith\Documents\workspace-sts-3.8.3.RELEASE\mywebservice01\target\classes\com\example]
23:19:50.551 [main] DEBUG org.springframework.core.io.support.PathMatchingResourcePatternResolver - Searching directory [C:\Users\sowmith\Documents\workspace-sts-3.8.3.RELEASE\mywebservice01\target\classes\com\example] for files matching pattern [C:/Users/sowmith/Documents/workspace-sts-3.8.3.RELEASE/mywebservice01/target/classes/com/example/*.class]
23:19:50.554 [main] DEBUG org.springframework.core.io.support.PathMatchingResourcePatternResolver - Resolved location pattern [classpath*:com/example/*.class] to resources [file [C:\Users\sowmith\Documents\workspace-sts-3.8.3.RELEASE\mywebservice01\target\test-classes\com\example\Mywebservice01ApplicationTests.class], file [C:\Users\sowmith\Documents\workspace-sts-3.8.3.RELEASE\mywebservice01\target\classes\com\example\Mywebservice01Application.class]]
23:19:50.560 [main] DEBUG org.springframework.core.io.support.PathMatchingResourcePatternResolver - Resolved classpath location [com/] to resources [URL [file:/C:/Users/sowmith/Documents/workspace-sts-3.8.3.RELEASE/mywebservice01/target/test-classes/com/], URL [file:/C:/Users/sowmith/Documents/workspace-sts-3.8.3.RELEASE/mywebservice01/target/classes/com/], URL [jar:file:/C:/Users/sowmith/.m2/repository/com/fasterxml/classmate/1.3.3/classmate-1.3.3.jar!/com/], URL [jar:file:/C:/Users/sowmith/.m2/repository/com/fasterxml/jackson/core/jackson-databind/2.8.7/jackson-databind-2.8.7.jar!/com/], URL [jar:file:/C:/Users/sowmith/.m2/repository/com/fasterxml/jackson/core/jackson-annotations/2.8.0/jackson-annotations-2.8.0.jar!/com/], URL [jar:file:/C:/Users/sowmith/.m2/repository/com/fasterxml/jackson/core/jackson-core/2.8.7/jackson-core-2.8.7.jar!/com/], URL [jar:file:/C:/Users/sowmith/.m2/repository/com/jayway/jsonpath/json-path/2.2.0/json-path-2.2.0.jar!/com/]]
23:19:50.561 [main] DEBUG org.springframework.core.io.support.PathMatchingResourcePatternResolver - Looking for matching resources in directory tree [C:\Users\sowmith\Documents\workspace-sts-3.8.3.RELEASE\mywebservice01\target\test-classes\com]
23:19:50.562 [main] DEBUG org.springframework.core.io.support.PathMatchingResourcePatternResolver - Searching directory [C:\Users\sowmith\Documents\workspace-sts-3.8.3.RELEASE\mywebservice01\target\test-classes\com] for files matching pattern [C:/Users/sowmith/Documents/workspace-sts-3.8.3.RELEASE/mywebservice01/target/test-classes/com/*.class]
23:19:50.563 [main] DEBUG org.springframework.core.io.support.PathMatchingResourcePatternResolver - Looking for matching resources in directory tree [C:\Users\sowmith\Documents\workspace-sts-3.8.3.RELEASE\mywebservice01\target\classes\com]
23:19:50.564 [main] DEBUG org.springframework.core.io.support.PathMatchingResourcePatternResolver - Searching directory [C:\Users\sowmith\Documents\workspace-sts-3.8.3.RELEASE\mywebservice01\target\classes\com] for files matching pattern [C:/Users/sowmith/Documents/workspace-sts-3.8.3.RELEASE/mywebservice01/target/classes/com/*.class]
23:19:50.565 [main] DEBUG org.springframework.core.io.support.PathMatchingResourcePatternResolver - Looking for matching resources in jar file [file:/C:/Users/sowmith/.m2/repository/com/fasterxml/classmate/1.3.3/classmate-1.3.3.jar]
23:19:50.566 [main] DEBUG org.springframework.core.io.support.PathMatchingResourcePatternResolver - Looking for matching resources in jar file [file:/C:/Users/sowmith/.m2/repository/com/fasterxml/jackson/core/jackson-databind/2.8.7/jackson-databind-2.8.7.jar]
23:19:50.573 [main] DEBUG org.springframework.core.io.support.PathMatchingResourcePatternResolver - Looking for matching resources in jar file [file:/C:/Users/sowmith/.m2/repository/com/fasterxml/jackson/core/jackson-annotations/2.8.0/jackson-annotations-2.8.0.jar]
23:19:50.575 [main] DEBUG org.springframework.core.io.support.PathMatchingResourcePatternResolver - Looking for matching resources in jar file [file:/C:/Users/sowmith/.m2/repository/com/fasterxml/jackson/core/jackson-core/2.8.7/jackson-core-2.8.7.jar]
23:19:50.577 [main] DEBUG org.springframework.core.io.support.PathMatchingResourcePatternResolver - Looking for matching resources in jar file [file:/C:/Users/sowmith/.m2/repository/com/jayway/jsonpath/json-path/2.2.0/json-path-2.2.0.jar]
23:19:50.578 [main] DEBUG org.springframework.core.io.support.PathMatchingResourcePatternResolver - Resolved location pattern [classpath*:com/*.class] to resources []
]]></system-out>
  </testcase>
</testsuite>